<?xml version="1.0" encoding="UTF-8"?>
<testsuites>
  <testsuite name="hello" timestamp="2024-07-08T09:17:29Z" hostname="02d6f04a4adf" tests="3" skipped="0" failures="0" errors="0" time="0.211">
    <testcase time="0.011" classname="hello" name="hello_works"/>
    <testcase time="0.188" classname="hello" name="hello_cli_works"/>
    <testcase time="0.012" classname="hello" name="fix_me_Is_fixed_now."/>
  </testsuite>
</testsuites>
